<?xml version="1.0" encoding="UTF-8"?>
<!-- Generated by org.testng.reporters.JUnitReportReporter -->
<testsuite hostname="LAPTOP-T0PE3H4S" failures="0" tests="3" name="runner.TendableRunner" time="61.877" errors="0" timestamp="2024-03-15T15:49:25 IST" skipped="0">
  <testcase classname="runner.TendableRunner" name="runScenario" time="30.363"/>
  <system-out/>
  <testcase classname="runner.TendableRunner" name="runScenario" time="13.873"/>
  <system-out/>
  <testcase classname="runner.TendableRunner" name="runScenario" time="17.641"/>
  <system-out/>
</testsuite> <!-- runner.TendableRunner -->
